<?xml version="1.0" encoding="UTF-8"?>
<!-- Generated by org.testng.reporters.JUnitXMLReporter -->
<testsuite ignored="0" hostname="DESKTOP-KHFPL78" failures="0" tests="4" name="Default test" time="23.538" errors="0" timestamp="2025-03-03T02:08:24 PST">
  <testcase classname="TestCases.VerifyPage1" name="verifylogin" time="0.46"/>
  <testcase classname="TestCases.VerifyPage1" name="verifylogin" time="0.524"/>
  <testcase classname="TestCases.VerifyPage1" name="verifylogin" time="0.58"/>
  <testcase classname="TestCases.VerifyPage1" name="verifylogin" time="0.578"/>
</testsuite> <!-- Default test -->
