<?xml version="1.0" encoding="UTF-8"?>
<testng-results ignored="0" total="4" passed="4" failed="0" skipped="0">
  <reporter-output>
  </reporter-output>
  <suite started-at="2025-03-03T02:08:00 PST" name="Default suite" finished-at="2025-03-03T02:08:24 PST" duration-ms="23538">
    <groups>
    </groups>
    <test started-at="2025-03-03T02:08:00 PST" name="Default test" finished-at="2025-03-03T02:08:24 PST" duration-ms="23538">
      <class name="TestCases.VerifyPage1">
        <test-method is-config="true" signature="setup()[pri:0, instance:TestCases.VerifyPage1@6db9f5a4]" started-at="2025-03-03T02:08:02 PST" name="setup" finished-at="2025-03-03T02:08:07 PST" duration-ms="4524" status="PASS">
          <reporter-output>
          </reporter-output>
        </test-method> <!-- setup -->
        <test-method signature="verifylogin(java.lang.String,java.lang.String)[pri:1, instance:TestCases.VerifyPage1@6db9f5a4]" started-at="2025-03-03T02:08:07 PST" name="verifylogin" data-provider="info" finished-at="2025-03-03T02:08:07 PST" duration-ms="460" status="PASS">
          <params>
            <param index="0">
              <value>
                <![CDATA[uname]]>
              </value>
            </param>
            <param index="1">
              <value>
                <![CDATA[pwd]]>
              </value>
            </param>
          </params>
          <reporter-output>
          </reporter-output>
        </test-method> <!-- verifylogin -->
        <test-method is-config="true" signature="tearDown(org.testng.ITestResult)[pri:0, instance:TestCases.VerifyPage1@6db9f5a4]" started-at="2025-03-03T02:08:07 PST" name="tearDown" finished-at="2025-03-03T02:08:07 PST" duration-ms="6" status="PASS">
          <params>
            <param index="0">
              <value>
                <![CDATA[[TestResult name=verifylogin status=SUCCESS method=VerifyPage1.verifylogin(java.lang.String,java.lang.String)[pri:1, instance:TestCases.VerifyPage1@6db9f5a4] output={null}]]]>
              </value>
            </param>
          </params>
          <reporter-output>
          </reporter-output>
        </test-method> <!-- tearDown -->
        <test-method is-config="true" signature="setup()[pri:0, instance:TestCases.VerifyPage1@6db9f5a4]" started-at="2025-03-03T02:08:07 PST" name="setup" finished-at="2025-03-03T02:08:12 PST" duration-ms="4710" status="PASS">
          <reporter-output>
          </reporter-output>
        </test-method> <!-- setup -->
        <test-method signature="verifylogin(java.lang.String,java.lang.String)[pri:1, instance:TestCases.VerifyPage1@6db9f5a4]" started-at="2025-03-03T02:08:12 PST" name="verifylogin" data-provider="info" finished-at="2025-03-03T02:08:13 PST" duration-ms="524" status="PASS">
          <params>
            <param index="0">
              <value>
                <![CDATA[jdfha]]>
              </value>
            </param>
            <param index="1">
              <value>
                <![CDATA[123f]]>
              </value>
            </param>
          </params>
          <reporter-output>
          </reporter-output>
        </test-method> <!-- verifylogin -->
        <test-method is-config="true" signature="tearDown(org.testng.ITestResult)[pri:0, instance:TestCases.VerifyPage1@6db9f5a4]" started-at="2025-03-03T02:08:13 PST" name="tearDown" finished-at="2025-03-03T02:08:13 PST" duration-ms="2" status="PASS">
          <params>
            <param index="0">
              <value>
                <![CDATA[[TestResult name=verifylogin status=SUCCESS method=VerifyPage1.verifylogin(java.lang.String,java.lang.String)[pri:1, instance:TestCases.VerifyPage1@6db9f5a4] output={null}]]]>
              </value>
            </param>
          </params>
          <reporter-output>
          </reporter-output>
        </test-method> <!-- tearDown -->
        <test-method is-config="true" signature="setup()[pri:0, instance:TestCases.VerifyPage1@6db9f5a4]" started-at="2025-03-03T02:08:13 PST" name="setup" finished-at="2025-03-03T02:08:18 PST" duration-ms="5595" status="PASS">
          <reporter-output>
          </reporter-output>
        </test-method> <!-- setup -->
        <test-method signature="verifylogin(java.lang.String,java.lang.String)[pri:1, instance:TestCases.VerifyPage1@6db9f5a4]" started-at="2025-03-03T02:08:18 PST" name="verifylogin" data-provider="info" finished-at="2025-03-03T02:08:19 PST" duration-ms="580" status="PASS">
          <params>
            <param index="0">
              <value>
                <![CDATA[sdfafqd]]>
              </value>
            </param>
            <param index="1">
              <value>
                <![CDATA[5134fg]]>
              </value>
            </param>
          </params>
          <reporter-output>
          </reporter-output>
        </test-method> <!-- verifylogin -->
        <test-method is-config="true" signature="tearDown(org.testng.ITestResult)[pri:0, instance:TestCases.VerifyPage1@6db9f5a4]" started-at="2025-03-03T02:08:19 PST" name="tearDown" finished-at="2025-03-03T02:08:19 PST" duration-ms="1" status="PASS">
          <params>
            <param index="0">
              <value>
                <![CDATA[[TestResult name=verifylogin status=SUCCESS method=VerifyPage1.verifylogin(java.lang.String,java.lang.String)[pri:1, instance:TestCases.VerifyPage1@6db9f5a4] output={null}]]]>
              </value>
            </param>
          </params>
          <reporter-output>
          </reporter-output>
        </test-method> <!-- tearDown -->
        <test-method is-config="true" signature="setup()[pri:0, instance:TestCases.VerifyPage1@6db9f5a4]" started-at="2025-03-03T02:08:19 PST" name="setup" finished-at="2025-03-03T02:08:23 PST" duration-ms="4112" status="PASS">
          <reporter-output>
          </reporter-output>
        </test-method> <!-- setup -->
        <test-method signature="verifylogin(java.lang.String,java.lang.String)[pri:1, instance:TestCases.VerifyPage1@6db9f5a4]" started-at="2025-03-03T02:08:23 PST" name="verifylogin" data-provider="info" finished-at="2025-03-03T02:08:24 PST" duration-ms="578" status="PASS">
          <params>
            <param index="0">
              <value>
                <![CDATA[saffger]]>
              </value>
            </param>
            <param index="1">
              <value>
                <![CDATA[435f]]>
              </value>
            </param>
          </params>
          <reporter-output>
          </reporter-output>
        </test-method> <!-- verifylogin -->
        <test-method is-config="true" signature="tearDown(org.testng.ITestResult)[pri:0, instance:TestCases.VerifyPage1@6db9f5a4]" started-at="2025-03-03T02:08:24 PST" name="tearDown" finished-at="2025-03-03T02:08:24 PST" duration-ms="1" status="PASS">
          <params>
            <param index="0">
              <value>
                <![CDATA[[TestResult name=verifylogin status=SUCCESS method=VerifyPage1.verifylogin(java.lang.String,java.lang.String)[pri:1, instance:TestCases.VerifyPage1@6db9f5a4] output={null}]]]>
              </value>
            </param>
          </params>
          <reporter-output>
          </reporter-output>
        </test-method> <!-- tearDown -->
      </class> <!-- TestCases.VerifyPage1 -->
    </test> <!-- Default test -->
  </suite> <!-- Default suite -->
</testng-results>
