<?xml version="1.0" encoding="UTF-8"?>
<!-- Generated by org.testng.reporters.JUnitXMLReporter -->
<testsuite ignored="0" hostname="DESKTOP-KHFPL78" failures="0" tests="4" name="Test" time="1.953" errors="0" timestamp="2025-03-03T02:04:13 PST">
  <testcase classname="TestCases.VerifyPage1" name="@BeforeMethod setup" time="0.053">
    <failure type="java.lang.Error" message="Unresolved compilation problem: 
	This method must return a result of type WebDriver
">
      <![CDATA[java.lang.Error: Unresolved compilation problem: 
This method must return a result of type WebDriver

at Helper.BrowserSelection.getBrowser(BrowserSelection.java:10)
at TestCases.VerifyPage1.setup(VerifyPage1.java:33)
at java.base/java.util.ArrayList.forEach(ArrayList.java:1597)
... Removed 29 stack frames]]>
    </failure>
  </testcase> <!-- @BeforeMethod setup -->
  <testcase classname="TestCases.VerifyPage1" name="@AfterMethod tearDown" time="0.0">
    <skipped/>
  </testcase> <!-- @AfterMethod tearDown -->
  <testcase classname="TestCases.VerifyPage1" name="@BeforeMethod setup" time="0.0">
    <skipped/>
  </testcase> <!-- @BeforeMethod setup -->
  <testcase classname="TestCases.VerifyPage1" name="@AfterMethod tearDown" time="0.0">
    <skipped/>
  </testcase> <!-- @AfterMethod tearDown -->
  <testcase classname="TestCases.VerifyPage1" name="@BeforeMethod setup" time="0.0">
    <skipped/>
  </testcase> <!-- @BeforeMethod setup -->
  <testcase classname="TestCases.VerifyPage1" name="@AfterMethod tearDown" time="0.0">
    <skipped/>
  </testcase> <!-- @AfterMethod tearDown -->
  <testcase classname="TestCases.VerifyPage1" name="@BeforeMethod setup" time="0.0">
    <skipped/>
  </testcase> <!-- @BeforeMethod setup -->
  <testcase classname="TestCases.VerifyPage1" name="@AfterMethod tearDown" time="0.0">
    <skipped/>
  </testcase> <!-- @AfterMethod tearDown -->
  <testcase classname="TestCases.VerifyPage1" name="verifylogin" time="0.001">
    <skipped/>
  </testcase> <!-- verifylogin -->
  <testcase classname="TestCases.VerifyPage1" name="verifylogin" time="0.0">
    <skipped/>
  </testcase> <!-- verifylogin -->
  <testcase classname="TestCases.VerifyPage1" name="verifylogin" time="0.002">
    <skipped/>
  </testcase> <!-- verifylogin -->
  <testcase classname="TestCases.VerifyPage1" name="verifylogin" time="0.001">
    <skipped/>
  </testcase> <!-- verifylogin -->
</testsuite> <!-- Test -->
